# JRE version: Java(TM) SE Runtime Environment (11.0.2+9) (build 11.0.2+9-LTS)
# Java VM: Java HotSpot(TM) 64-Bit Server VM (11.0.2+9-LTS, mixed mode, tiered, compressed oops, g1 gc, windows-amd64)
Heap:
 garbage-first heap   total 47104K, used 6636K [0x00000000d2800000, 0x0000000100000000)
  region size 1024K, 2 young (2048K), 2 survivors (2048K)
 Metaspace       used 18917K, capacity 19493K, committed 19584K, reserved 1067008K
  class space    used 2190K, capacity 2414K, committed 2432K, reserved 1048576K
GC Heap History (10 events):
Event: 2.876 GC heap before
{Heap before GC invocations=0 (full 0):
 garbage-first heap   total 47104K, used 6144K [0x00000000d2800000, 0x0000000100000000)
  region size 1024K, 7 young (7168K), 0 survivors (0K)
 Metaspace       used 9338K, capacity 9513K, committed 9856K, reserved 1058816K
  class space    used 939K, capacity 1026K, committed 1152K, reserved 1048576K
}
Event: 2.889 GC heap after
{Heap after GC invocations=1 (full 0):
 garbage-first heap   total 47104K, used 3455K [0x00000000d2800000, 0x0000000100000000)
  region size 1024K, 1 young (1024K), 1 survivors (1024K)
 Metaspace       used 9338K, capacity 9513K, committed 9856K, reserved 1058816K
  class space    used 939K, capacity 1026K, committed 1152K, reserved 1048576K
}
Event: 3.680 GC heap before
{Heap before GC invocations=1 (full 0):
 garbage-first heap   total 47104K, used 5503K [0x00000000d2800000, 0x0000000100000000)
  region size 1024K, 3 young (3072K), 1 survivors (1024K)
 Metaspace       used 11378K, capacity 11616K, committed 11904K, reserved 1060864K
  class space    used 1197K, capacity 1300K, committed 1408K, reserved 1048576K
}
Event: 3.689 GC heap after
{Heap after GC invocations=2 (full 0):
 garbage-first heap   total 47104K, used 3896K [0x00000000d2800000, 0x0000000100000000)
  region size 1024K, 1 young (1024K), 1 survivors (1024K)
 Metaspace       used 11378K, capacity 11616K, committed 11904K, reserved 1060864K
  class space    used 1197K, capacity 1300K, committed 1408K, reserved 1048576K
}
Event: 5.628 GC heap before
{Heap before GC invocations=2 (full 0):
 garbage-first heap   total 47104K, used 13112K [0x00000000d2800000, 0x0000000100000000)
  region size 1024K, 11 young (11264K), 1 survivors (1024K)
 Metaspace       used 14607K, capacity 15153K, committed 15360K, reserved 1062912K
  class space    used 1585K, capacity 1769K, committed 1792K, reserved 1048576K
}
Event: 5.635 GC heap after
{Heap after GC invocations=3 (full 0):
 garbage-first heap   total 47104K, used 5491K [0x00000000d2800000, 0x0000000100000000)
  region size 1024K, 2 young (2048K), 2 survivors (2048K)
 Metaspace       used 14607K, capacity 15153K, committed 15360K, reserved 1062912K
  class space    used 1585K, capacity 1769K, committed 1792K, reserved 1048576K
}
Event: 6.781 GC heap before
{Heap before GC invocations=3 (full 0):
 garbage-first heap   total 47104K, used 19827K [0x00000000d2800000, 0x0000000100000000)
  region size 1024K, 16 young (16384K), 2 survivors (2048K)
 Metaspace       used 18195K, capacity 18801K, committed 18944K, reserved 1067008K
  class space    used 2057K, capacity 2293K, committed 2304K, reserved 1048576K
}
Event: 6.790 GC heap after
{Heap after GC invocations=4 (full 0):
 garbage-first heap   total 47104K, used 6362K [0x00000000d2800000, 0x0000000100000000)
  region size 1024K, 1 young (1024K), 1 survivors (1024K)
 Metaspace       used 18195K, capacity 18801K, committed 18944K, reserved 1067008K
  class space    used 2057K, capacity 2293K, committed 2304K, reserved 1048576K
}
Event: 7.120 GC heap before
{Heap before GC invocations=4 (full 0):
 garbage-first heap   total 47104K, used 9434K [0x00000000d2800000, 0x0000000100000000)
  region size 1024K, 5 young (5120K), 1 survivors (1024K)
 Metaspace       used 18917K, capacity 19493K, committed 19584K, reserved 1067008K
  class space    used 2190K, capacity 2414K, committed 2432K, reserved 1048576K
}
Event: 7.129 GC heap after
{Heap after GC invocations=5 (full 0):
 garbage-first heap   total 47104K, used 6636K [0x00000000d2800000, 0x0000000100000000)
  region size 1024K, 2 young (2048K), 2 survivors (2048K)
 Metaspace       used 18917K, capacity 19493K, committed 19584K, reserved 1067008K
  class space    used 2190K, capacity 2414K, committed 2432K, reserved 1048576K
}

