# JRE version: Java(TM) SE Runtime Environment (12.0+33) (build 12+33)
# Java VM: Java HotSpot(TM) 64-Bit Server VM (12+33, mixed mode, sharing, tiered, compressed oops, g1 gc, windows-amd64)
Heap:
 garbage-first heap   total 47104K, used 5754K [0x00000000d2800000, 0x0000000100000000)
  region size 1024K, 3 young (3072K), 3 survivors (3072K)
 Metaspace       used 11153K, capacity 12783K, committed 12928K, reserved 1069056K
  class space    used 1357K, capacity 1566K, committed 1664K, reserved 1048576K
GC Heap History (10 events):
Event: 21.524 GC heap before
{Heap before GC invocations=0 (full 0):
 garbage-first heap   total 47104K, used 7168K [0x00000000d2800000, 0x0000000100000000)
  region size 1024K, 7 young (7168K), 0 survivors (0K)
 Metaspace       used 2169K, capacity 5405K, committed 5760K, reserved 1056768K
  class space    used 201K, capacity 527K, committed 640K, reserved 1048576K
}
Event: 21.538 GC heap after
{Heap after GC invocations=1 (full 0):
 garbage-first heap   total 47104K, used 2655K [0x00000000d2800000, 0x0000000100000000)
  region size 1024K, 1 young (1024K), 1 survivors (1024K)
 Metaspace       used 2169K, capacity 5405K, committed 5760K, reserved 1056768K
  class space    used 201K, capacity 527K, committed 640K, reserved 1048576K
}
Event: 21.769 GC heap before
{Heap before GC invocations=1 (full 0):
 garbage-first heap   total 47104K, used 4703K [0x00000000d2800000, 0x0000000100000000)
  region size 1024K, 3 young (3072K), 1 survivors (1024K)
 Metaspace       used 2635K, capacity 5795K, committed 6016K, reserved 1056768K
  class space    used 270K, capacity 593K, committed 640K, reserved 1048576K
}
Event: 21.773 GC heap after
{Heap after GC invocations=2 (full 0):
 garbage-first heap   total 47104K, used 2938K [0x00000000d2800000, 0x0000000100000000)
  region size 1024K, 1 young (1024K), 1 survivors (1024K)
 Metaspace       used 2635K, capacity 5795K, committed 6016K, reserved 1056768K
  class space    used 270K, capacity 593K, committed 640K, reserved 1048576K
}
Event: 23.177 GC heap before
{Heap before GC invocations=2 (full 0):
 garbage-first heap   total 47104K, used 12154K [0x00000000d2800000, 0x0000000100000000)
  region size 1024K, 11 young (11264K), 1 survivors (1024K)
 Metaspace       used 5000K, capacity 7504K, committed 7552K, reserved 1056768K
  class space    used 601K, capacity 865K, committed 896K, reserved 1048576K
}
Event: 23.180 GC heap after
{Heap after GC invocations=3 (full 0):
 garbage-first heap   total 47104K, used 3494K [0x00000000d2800000, 0x0000000100000000)
  region size 1024K, 1 young (1024K), 1 survivors (1024K)
 Metaspace       used 5000K, capacity 7504K, committed 7552K, reserved 1056768K
  class space    used 601K, capacity 865K, committed 896K, reserved 1048576K
}
Event: 24.970 GC heap before
{Heap before GC invocations=3 (full 0):
 garbage-first heap   total 47104K, used 26022K [0x00000000d2800000, 0x0000000100000000)
  region size 1024K, 23 young (23552K), 1 survivors (1024K)
 Metaspace       used 7599K, capacity 9847K, committed 9984K, reserved 1058816K
  class space    used 931K, capacity 1197K, committed 1280K, reserved 1048576K
}
Event: 24.976 GC heap after
{Heap after GC invocations=4 (full 0):
 garbage-first heap   total 47104K, used 4179K [0x00000000d2800000, 0x0000000100000000)
  region size 1024K, 2 young (2048K), 2 survivors (2048K)
 Metaspace       used 7599K, capacity 9847K, committed 9984K, reserved 1058816K
  class space    used 931K, capacity 1197K, committed 1280K, reserved 1048576K
}
Event: 27.132 GC heap before
{Heap before GC invocations=4 (full 0):
 garbage-first heap   total 47104K, used 21587K [0x00000000d2800000, 0x0000000100000000)
  region size 1024K, 20 young (20480K), 2 survivors (2048K)
 Metaspace       used 11153K, capacity 12783K, committed 12928K, reserved 1067008K
  class space    used 1357K, capacity 1566K, committed 1664K, reserved 1048576K
}
Event: 27.144 GC heap after
{Heap after GC invocations=5 (full 0):
 garbage-first heap   total 47104K, used 5754K [0x00000000d2800000, 0x0000000100000000)
  region size 1024K, 3 young (3072K), 3 survivors (3072K)
 Metaspace       used 11153K, capacity 12783K, committed 12928K, reserved 1067008K
  class space    used 1357K, capacity 1566K, committed 1664K, reserved 1048576K
}

